0 verbose cli /root/.nvm/versions/node/v20.5.0/bin/node /root/.nvm/versions/node/v20.5.0/bin/npm
1 info using npm@9.8.0
2 info using node@v20.5.0
3 timing npm:load:whichnode Completed in 15ms
4 timing config:load:defaults Completed in 9ms
5 timing config:load:file:/root/.nvm/versions/node/v20.5.0/lib/node_modules/npm/npmrc Completed in 2ms
6 timing config:load:builtin Completed in 3ms
7 timing config:load:cli Completed in 8ms
8 timing config:load:env Completed in 0ms
9 timing config:load:project Completed in 9ms
10 timing config:load:file:/root/.npmrc Completed in 0ms
11 timing config:load:user Completed in 0ms
12 timing config:load:file:/root/.nvm/versions/node/v20.5.0/etc/npmrc Completed in 0ms
13 timing config:load:global Completed in 1ms
14 timing config:load:setEnvs Completed in 2ms
15 timing config:load Completed in 36ms
16 timing npm:load:configload Completed in 36ms
17 timing config:load:flatten Completed in 5ms
18 timing npm:load:mkdirpcache Completed in 0ms
19 timing npm:load:mkdirplogs Completed in 0ms
20 verbose title npm init
21 verbose argv "init"
22 timing npm:load:setTitle Completed in 3ms
23 timing npm:load:display Completed in 2ms
24 verbose logfile logs-max:10 dir:/root/.npm/_logs/2023-08-08T20_02_06_625Z-
25 verbose logfile /root/.npm/_logs/2023-08-08T20_02_06_625Z-debug-0.log
26 timing npm:load:logFile Completed in 18ms
27 timing npm:load:timers Completed in 0ms
28 timing npm:load:configScope Completed in 1ms
29 timing npm:load Completed in 112ms
30 silly logfile done cleaning log files
31 silly package data {
31 silly package data   name: 'hardhat',
31 silly package data   version: '1.0.0',
31 silly package data   description: 'node project for ethereum supply chain',
31 silly package data   main: 'index.js',
31 silly package data   scripts: { test: 'node index.js' },
31 silly package data   author: '',
31 silly package data   license: 'ISC'
31 silly package data }
32 timing command:init Completed in 81371ms
33 verbose exit 0
34 timing npm Completed in 82300ms
35 info ok
