0 verbose cli /root/.nvm/versions/node/v20.5.0/bin/node /root/.nvm/versions/node/v20.5.0/lib/node_modules/npm/bin/npm-cli.js
1 info using npm@9.8.0
2 info using node@v20.5.0
3 timing npm:load:whichnode Completed in 11ms
4 timing config:load:defaults Completed in 4ms
5 timing config:load:file:/root/.nvm/versions/node/v20.5.0/lib/node_modules/npm/npmrc Completed in 7ms
6 timing config:load:builtin Completed in 7ms
7 timing config:load:cli Completed in 15ms
8 timing config:load:env Completed in 1ms
9 timing config:load:file:/root/raspi/.npmrc Completed in 0ms
10 timing config:load:project Completed in 10ms
11 timing config:load:file:/root/.npmrc Completed in 0ms
12 timing config:load:user Completed in 0ms
13 timing config:load:file:/root/.nvm/versions/node/v20.5.0/etc/npmrc Completed in 0ms
14 timing config:load:global Completed in 0ms
15 timing config:load:setEnvs Completed in 3ms
16 timing config:load Completed in 44ms
17 timing npm:load:configload Completed in 47ms
18 timing config:load:flatten Completed in 6ms
19 timing npm:load:mkdirpcache Completed in 2ms
20 timing npm:load:mkdirplogs Completed in 0ms
21 verbose title npm exec hardhat
22 verbose argv "exec" "--" "hardhat"
23 timing npm:load:setTitle Completed in 2ms
24 timing npm:load:display Completed in 1ms
25 verbose logfile logs-max:10 dir:/root/.npm/_logs/2023-08-08T20_26_29_210Z-
26 verbose logfile /root/.npm/_logs/2023-08-08T20_26_29_210Z-debug-0.log
27 timing npm:load:logFile Completed in 19ms
28 timing npm:load:timers Completed in 0ms
29 timing npm:load:configScope Completed in 0ms
30 timing npm:load Completed in 121ms
31 silly logfile done cleaning log files
32 timing command:exec Completed in 3619ms
33 verbose exit 0
34 timing npm Completed in 4130ms
35 info ok
